2017-04-17 18:30:21 INFO  Mastermind_console       main                           /  
2017-04-17 18:30:21 INFO  GameEngine               startGame                      /  
2017-04-17 18:30:21 INFO  CodeValidator            <init>                         / - initialized with 11 03 14 17 00 05 10 06 
2017-04-17 18:30:21 INFO  GameEngine               calculateNextSubmission        /  
2017-04-17 18:30:21 INFO  CodeSolver               solve                          /  
2017-04-17 18:30:21 INFO  CodeSolver               solve                          / CodeSolver: request #0 
2017-04-17 18:30:21 INFO  CodeSolver               solve                          /     CodeSolver: next sequence = 11 06 01 05 14 07 03 08 
2017-04-17 18:30:21 INFO  GameEngine               resolveSubmission              /  
2017-04-17 18:30:21 INFO  CodeValidator            calculateResponse              /     Secret code: 11 03 14 17 00 05 10 06 
2017-04-17 18:30:21 INFO  CodeValidator            calculateResponse              /     CodeValidator: red = 1, white = 4, code = 11 06 01 05 14 07 03 08 
2017-04-17 18:30:21 INFO  Submission               setAttributes                  /  
2017-04-17 18:30:21 INFO  FitnessCalculator        addSubmission                  / 11 06 01 05 14 07 03 08 
2017-04-17 18:30:21 INFO  SubmissionHandler        addSubmission                  /  
2017-04-17 18:30:21 INFO  GameEngine               calculateNextSubmission        /  
2017-04-17 18:30:21 INFO  CodeSolver               solve                          /  
2017-04-17 18:30:24 INFO  Population               evolve                         /  
2017-04-17 18:30:24 INFO  Population               evolve                         / Start selection 
2017-04-17 18:30:25 INFO  RouletteWheelSelection   getParents                     /  
2017-04-17 18:30:25 INFO  RouletteWheelSelection   splitPopulation                /  
2017-04-17 18:30:25 INFO  RouletteWheelSelection   selectParents                  /  
2017-04-17 18:30:25 INFO  Population               getSumPopulationFitness        /  
2017-04-17 18:30:25 INFO  RouletteWheelSelection   selectParents                  /  
2017-04-17 18:30:25 INFO  Population               getSumPopulationFitness        /  
2017-04-17 18:30:25 INFO  RouletteWheelSelection   getParents                     /     Father: 13 04 07 08 10 15 03 06, mother: 09 00 13 05 02 16 10 11 
2017-04-17 18:30:25 INFO  RouletteWheelSelection   getParents                     /     Fitness of father: 231, fitness of mother: 225 
2017-04-17 18:30:25 INFO  Population               evolve                         / Start crossover 
2017-04-17 18:30:25 INFO  OnePointCrossover        crossParents                   /  
2017-04-17 18:30:25 INFO  OnePointCrossover        crossParents                   /     Children: 13 04 07 05 02 16 10 11 and 09 00 13 08 10 15 03 06 
2017-04-17 18:30:25 INFO  OnePointCrossover        crossParents                   /     Fitness of children: 228 and 228 
2017-04-17 18:30:25 INFO  Population               evolve                         /     -- Child #0 is valid: true 
2017-04-17 18:30:25 INFO  Population               evolve                         /     -- Child #1 is valid: true 
2017-04-17 18:30:25 INFO  Population               getPopulationSorted            /  
2017-04-17 18:30:25 INFO  Population               evolve                         / Start mutation 
2017-04-17 18:30:28 INFO  ExchangeMutation         mutateGenes                    /  
2017-04-17 18:31:23 INFO  Population               evolve                         / A new generation has been born! #1 
2017-04-17 18:31:23 INFO  Population               getSumPopulationFitness        /  
2017-04-17 18:31:23 INFO  CodeSolver               solveViaEvolutionaryAlgorithms /     Code Solver - population fitness at round #0: 22291 
2017-04-17 18:31:23 INFO  Population               evolve                         /  
2017-04-17 18:31:23 INFO  Population               evolve                         / Start selection 
2017-04-17 18:31:23 INFO  RouletteWheelSelection   getParents                     /  
2017-04-17 18:31:23 INFO  RouletteWheelSelection   splitPopulation                /  
2017-04-17 18:31:23 INFO  RouletteWheelSelection   selectParents                  /  
2017-04-17 18:31:23 INFO  Population               getSumPopulationFitness        /  
2017-04-17 18:31:23 INFO  RouletteWheelSelection   selectParents                  /  
2017-04-17 18:31:23 INFO  Population               getSumPopulationFitness        /  
2017-04-17 18:31:23 INFO  RouletteWheelSelection   getParents                     /     Father: 15 10 00 12 17 01 09 11, mother: 15 00 14 10 16 07 13 09 
2017-04-17 18:31:23 INFO  RouletteWheelSelection   getParents                     /     Fitness of father: 218, fitness of mother: 225 
2017-04-17 18:31:23 INFO  Population               evolve                         / Start crossover 
2017-04-17 18:31:23 INFO  OnePointCrossover        crossParents                   /  
2017-04-17 18:31:23 INFO  OnePointCrossover        crossParents                   /     Children: 15 00 14 10 16 07 13 09 and 15 10 00 12 17 01 09 11 
2017-04-17 18:31:23 INFO  OnePointCrossover        crossParents                   /     Fitness of children: 225 and 218 
2017-04-17 18:31:23 INFO  Population               evolve                         /     -- Child #0 is valid: true 
2017-04-17 18:31:23 INFO  Population               evolve                         /     -- Child #1 is valid: true 
2017-04-17 18:31:23 INFO  Population               getPopulationSorted            /  
2017-04-17 18:31:23 INFO  Population               evolve                         / Start mutation 
2017-04-17 18:31:23 INFO  ExchangeMutation         mutateGenes                    /  
2017-04-17 18:31:23 INFO  ExchangeMutation         generateTwoSplitPositions      /  
2017-04-17 18:31:23 INFO  ExchangeMutation         mutateGenes                    / Mutated 17 15 08 11 07 06 00 16 to 17 06 08 11 07 15 00 16 
2017-04-17 18:31:23 INFO  Population               evolve                         / A new generation has been born! #2 
2017-04-17 18:31:23 INFO  Population               getSumPopulationFitness        /  
2017-04-17 18:31:23 INFO  CodeSolver               solveViaEvolutionaryAlgorithms /     Code Solver - population fitness at round #1: 22276 
2017-04-17 18:31:23 INFO  Population               evolve                         /  
2017-04-17 18:31:23 INFO  Population               evolve                         / Start selection 
2017-04-17 18:31:23 INFO  RouletteWheelSelection   getParents                     /  
2017-04-17 18:31:23 INFO  RouletteWheelSelection   splitPopulation                /  
2017-04-17 18:31:23 INFO  RouletteWheelSelection   selectParents                  /  
2017-04-17 18:31:23 INFO  Population               getSumPopulationFitness        /  
2017-04-17 18:31:23 INFO  RouletteWheelSelection   selectParents                  /  
2017-04-17 18:31:23 INFO  Population               getSumPopulationFitness        /  
2017-04-17 18:31:23 INFO  RouletteWheelSelection   getParents                     /     Father: 11 13 01 12 07 09 08 17, mother: 09 04 12 03 08 10 11 07 
2017-04-17 18:31:23 INFO  RouletteWheelSelection   getParents                     /     Fitness of father: 218, fitness of mother: 224 
2017-04-17 18:31:23 INFO  Population               evolve                         / Start crossover 
2017-04-17 18:31:23 INFO  OnePointCrossover        crossParents                   /  
2017-04-17 18:31:23 INFO  Population               evolve                         /     -- Child #0 is valid: true 
2017-04-17 18:31:23 INFO  Population               evolve                         /     -- Child #1 is valid: true 
2017-04-17 18:31:23 INFO  Population               getPopulationSorted            /  
2017-04-17 18:31:23 INFO  Population               evolve                         / Start mutation 
2017-04-17 18:31:23 INFO  ExchangeMutation         mutateGenes                    /  
2017-04-17 18:31:23 INFO  ExchangeMutation         generateTwoSplitPositions      /  
2017-04-17 18:31:23 INFO  ExchangeMutation         mutateGenes                    / Mutated 09 15 13 05 08 01 10 04 to 09 15 13 05 08 04 10 01 
2017-04-17 18:31:23 INFO  Population               evolve                         / A new generation has been born! #3 
2017-04-17 18:31:23 INFO  Population               getSumPopulationFitness        /  
2017-04-17 18:31:23 INFO  CodeSolver               solveViaEvolutionaryAlgorithms /     Code Solver - population fitness at round #2: 22256 
2017-04-17 18:31:23 INFO  Population               evolve                         /  
2017-04-17 18:31:23 INFO  Population               evolve                         / Start selection 
2017-04-17 18:31:23 INFO  RouletteWheelSelection   getParents                     /  
2017-04-17 18:31:23 INFO  RouletteWheelSelection   splitPopulation                /  
2017-04-17 18:31:23 INFO  RouletteWheelSelection   selectParents                  /  
2017-04-17 18:31:23 INFO  Population               getSumPopulationFitness        /  
2017-04-17 18:31:23 INFO  RouletteWheelSelection   selectParents                  /  
2017-04-17 18:31:23 INFO  Population               getSumPopulationFitness        /  
2017-04-17 18:31:23 INFO  RouletteWheelSelection   getParents                     /     Father: 03 04 11 02 09 05 00 17, mother: 06 07 02 14 13 10 03 12 
2017-04-17 18:31:23 INFO  RouletteWheelSelection   getParents                     /     Fitness of father: 221, fitness of mother: 231 
2017-04-17 18:31:23 INFO  Population               evolve                         / Start crossover 
2017-04-17 18:31:23 INFO  OnePointCrossover        crossParents                   /  
2017-04-17 18:31:23 INFO  Population               evolve                         /     -- Child #0 is valid: true 
2017-04-17 18:31:23 INFO  Population               evolve                         /     -- Child #1 is valid: true 
2017-04-17 18:31:23 INFO  Population               getPopulationSorted            /  
2017-04-17 18:31:23 INFO  Population               evolve                         / Start mutation 
2017-04-17 18:31:23 INFO  ExchangeMutation         mutateGenes                    /  
2017-04-17 18:31:23 INFO  Population               evolve                         / A new generation has been born! #4 
2017-04-17 18:31:23 INFO  Population               getSumPopulationFitness        /  
2017-04-17 18:31:23 INFO  CodeSolver               solveViaEvolutionaryAlgorithms /     Code Solver - population fitness at round #3: 22246 
2017-04-17 18:31:23 INFO  Population               evolve                         /  
2017-04-17 18:31:23 INFO  Population               evolve                         / Start selection 
2017-04-17 18:31:23 INFO  RouletteWheelSelection   getParents                     /  
2017-04-17 18:31:23 INFO  RouletteWheelSelection   splitPopulation                /  
2017-04-17 18:31:23 INFO  RouletteWheelSelection   selectParents                  /  
2017-04-17 18:31:23 INFO  Population               getSumPopulationFitness        /  
2017-04-17 18:31:23 INFO  RouletteWheelSelection   selectParents                  /  
2017-04-17 18:31:23 INFO  Population               getSumPopulationFitness        /  
2017-04-17 18:31:23 INFO  RouletteWheelSelection   getParents                     /     Father: 17 16 14 10 13 00 04 12, mother: 14 02 09 12 16 05 06 08 
2017-04-17 18:31:23 INFO  RouletteWheelSelection   getParents                     /     Fitness of father: 215, fitness of mother: 231 
2017-04-17 18:31:23 INFO  Population               evolve                         / Start crossover 
2017-04-17 18:31:23 INFO  OnePointCrossover        crossParents                   /  
2017-04-17 18:31:23 INFO  Population               evolve                         /     -- Child #0 is valid: true 
2017-04-17 18:31:23 INFO  Population               evolve                         /     -- Child #1 is valid: true 
2017-04-17 18:31:23 INFO  Population               getPopulationSorted            /  
2017-04-17 18:31:23 INFO  Population               evolve                         / Start mutation 
2017-04-17 18:31:23 INFO  ExchangeMutation         mutateGenes                    /  
2017-04-17 18:31:23 INFO  ExchangeMutation         generateTwoSplitPositions      /  
2017-04-17 18:31:23 INFO  ExchangeMutation         mutateGenes                    / Mutated 06 13 01 10 09 02 03 05 to 06 05 01 10 09 02 03 13 
2017-04-17 18:31:23 INFO  Population               evolve                         / A new generation has been born! #5 
2017-04-17 18:31:23 INFO  Population               getSumPopulationFitness        /  
2017-04-17 18:31:23 INFO  CodeSolver               solveViaEvolutionaryAlgorithms /     Code Solver - population fitness at round #4: 22230 
2017-04-17 18:31:23 INFO  Population               getFittest                     /  
2017-04-17 18:31:23 INFO  Population               getPopulationSorted            /  
2017-04-17 18:31:23 INFO  Population               getFittest                     / *****Fitness of fittest: 231 
2017-04-17 18:31:23 INFO  Population               getPopulationSorted            /  
2017-04-17 18:31:23 INFO  Population               getFittest                     / *****Fitness of weakest: 198 
2017-04-17 18:31:23 INFO  CodeSolver               solveViaEvolutionaryAlgorithms / New request has fitness 231 
2017-04-17 18:31:23 INFO  CodeSolver               solve                          / CodeSolver: request #1 
2017-04-17 18:31:23 INFO  CodeSolver               solve                          /     CodeSolver: next sequence = 14 02 09 12 16 05 06 08 
2017-04-17 18:31:23 INFO  GameEngine               resolveSubmission              /  
2017-04-17 18:31:23 INFO  CodeValidator            calculateResponse              /     Secret code: 11 03 14 17 00 05 10 06 
2017-04-17 18:31:23 INFO  CodeValidator            calculateResponse              /     CodeValidator: red = 1, white = 2, code = 14 02 09 12 16 05 06 08 
2017-04-17 18:31:23 INFO  Submission               setAttributes                  /  
2017-04-17 18:31:23 INFO  FitnessCalculator        addSubmission                  / 14 02 09 12 16 05 06 08 
2017-04-17 18:31:23 INFO  SubmissionHandler        addSubmission                  /  
2017-04-17 18:31:23 INFO  GameEngine               runGame                        /  
