2017-04-16 23:28:09 INFO  Mastermind_console       main                           /  
2017-04-16 23:28:09 INFO  GameEngine               startGame                      /  
2017-04-16 23:28:09 INFO  CodeValidator            <init>                         / - initialized with 05 04 07 02 16 10 12 00 
2017-04-16 23:28:09 INFO  GameEngine               calculateNextSubmission        /  
2017-04-16 23:28:09 INFO  CodeSolver               solve                          /  
2017-04-16 23:28:09 INFO  CodeSolver               solve                          / CodeSolver: request #0 
2017-04-16 23:28:09 INFO  CodeSolver               solve                          /     CodeSolver: next sequence = 14 09 08 15 17 12 03 02 
2017-04-16 23:28:09 INFO  GameEngine               resolveSubmission              /  
2017-04-16 23:28:09 INFO  CodeValidator            calculateResponse              /     Secret code: 05 04 07 02 16 10 12 00 
2017-04-16 23:28:09 INFO  CodeValidator            calculateResponse              /     CodeValidator: red = 0, white = 2, code = 14 09 08 15 17 12 03 02 
2017-04-16 23:28:09 INFO  Submission               setAttributes                  /  
2017-04-16 23:28:37 INFO  FitnessCalculator        addSubmission                  / 14 09 08 15 17 12 03 02 
2017-04-16 23:28:44 INFO  SubmissionHandler        addSubmission                  /  
2017-04-16 23:28:59 INFO  GameEngine               calculateNextSubmission        /  
2017-04-16 23:28:59 INFO  CodeSolver               solve                          /  
2017-04-16 23:28:59 INFO  Population               evolve                         /  
2017-04-16 23:28:59 INFO  Population               evolve                         / Start selection 
2017-04-16 23:28:59 INFO  RouletteWheelSelection   getParents                     /  
2017-04-16 23:28:59 INFO  RouletteWheelSelection   splitPopulation                /  
2017-04-16 23:28:59 INFO  RouletteWheelSelection   selectParents                  /  
2017-04-16 23:28:59 INFO  Population               getSumPopulationFitness        /  
2017-04-16 23:28:59 INFO  RouletteWheelSelection   selectParents                  /  
2017-04-16 23:28:59 INFO  Population               getSumPopulationFitness        /  
2017-04-16 23:28:59 INFO  RouletteWheelSelection   getParents                     /     Father: 17 08 04 14 09 11 06 12, mother: 09 15 13 03 02 06 01 10 
2017-04-16 23:28:59 INFO  RouletteWheelSelection   getParents                     /     Fitness of father: 225, fitness of mother: 228 
2017-04-16 23:28:59 INFO  Population               evolve                         / Start crossover 
2017-04-16 23:28:59 INFO  OnePointCrossover        crossover                      /  
2017-04-16 23:28:59 INFO  OnePointCrossover        crossover                      /     Children: 17 08 04 14 09 06 01 10 and 09 15 13 03 02 11 06 12 
2017-04-16 23:28:59 INFO  OnePointCrossover        crossover                      /     Fitness of children: 228 and 225 
2017-04-16 23:28:59 INFO  Population               evolve                         /     -- Child #0 is valid: true 
2017-04-16 23:28:59 INFO  Population               evolve                         /     -- Child #1 is valid: true 
2017-04-16 23:28:59 INFO  Population               getPopulationSorted            /  
2017-04-16 23:28:59 INFO  Population               evolve                         / Start mutation 
2017-04-16 23:28:59 INFO  ExchangeMutation         mutateGenes                    /  
2017-04-16 23:28:59 INFO  ExchangeMutation         generateTwoSplitPositions      /  
2017-04-16 23:28:59 INFO  ExchangeMutation         mutateGenes                    / Mutated 02 12 13 01 07 17 00 03 to 02 01 13 12 07 17 00 03 
2017-04-16 23:28:59 INFO  Population               evolve                         / A new generation has been born! #1 
2017-04-16 23:28:59 INFO  Population               getSumPopulationFitness        /  
2017-04-16 23:28:59 INFO  CodeSolver               solveViaEvolutionaryAlgorithms /     Code Solver - population fitness at round #0: 22584 
2017-04-16 23:28:59 INFO  Population               evolve                         /  
2017-04-16 23:28:59 INFO  Population               evolve                         / Start selection 
2017-04-16 23:28:59 INFO  RouletteWheelSelection   getParents                     /  
2017-04-16 23:28:59 INFO  RouletteWheelSelection   splitPopulation                /  
2017-04-16 23:28:59 INFO  RouletteWheelSelection   selectParents                  /  
2017-04-16 23:28:59 INFO  Population               getSumPopulationFitness        /  
2017-04-16 23:28:59 INFO  RouletteWheelSelection   selectParents                  /  
2017-04-16 23:28:59 INFO  Population               getSumPopulationFitness        /  
2017-04-16 23:28:59 INFO  RouletteWheelSelection   getParents                     /     Father: 02 01 13 12 07 17 00 03, mother: 03 14 11 13 05 06 07 09 
2017-04-16 23:28:59 INFO  RouletteWheelSelection   getParents                     /     Fitness of father: 228, fitness of mother: 231 
2017-04-16 23:28:59 INFO  Population               evolve                         / Start crossover 
2017-04-16 23:28:59 INFO  OnePointCrossover        crossover                      /  
2017-04-16 23:28:59 INFO  Population               evolve                         /     -- Child #0 is valid: true 
2017-04-16 23:28:59 INFO  Population               evolve                         /     -- Child #1 is valid: true 
2017-04-16 23:28:59 INFO  Population               getPopulationSorted            /  
2017-04-16 23:28:59 INFO  Population               evolve                         / Start mutation 
2017-04-16 23:28:59 INFO  ExchangeMutation         mutateGenes                    /  
2017-04-16 23:28:59 INFO  Population               evolve                         / A new generation has been born! #2 
2017-04-16 23:28:59 INFO  Population               getSumPopulationFitness        /  
2017-04-16 23:28:59 INFO  CodeSolver               solveViaEvolutionaryAlgorithms /     Code Solver - population fitness at round #1: 22575 
2017-04-16 23:28:59 INFO  Population               evolve                         /  
2017-04-16 23:28:59 INFO  Population               evolve                         / Start selection 
2017-04-16 23:28:59 INFO  RouletteWheelSelection   getParents                     /  
2017-04-16 23:28:59 INFO  RouletteWheelSelection   splitPopulation                /  
2017-04-16 23:28:59 INFO  RouletteWheelSelection   selectParents                  /  
2017-04-16 23:28:59 INFO  Population               getSumPopulationFitness        /  
2017-04-16 23:28:59 INFO  RouletteWheelSelection   selectParents                  /  
2017-04-16 23:28:59 INFO  Population               getSumPopulationFitness        /  
2017-04-16 23:28:59 INFO  RouletteWheelSelection   getParents                     /     Father: 17 08 13 11 14 02 07 03, mother: 04 06 10 12 08 13 15 16 
2017-04-16 23:28:59 INFO  RouletteWheelSelection   getParents                     /     Fitness of father: 225, fitness of mother: 231 
2017-04-16 23:28:59 INFO  Population               evolve                         / Start crossover 
2017-04-16 23:28:59 INFO  OnePointCrossover        crossover                      /  
2017-04-16 23:28:59 INFO  OnePointCrossover        crossover                      /     Children: 17 08 13 11 14 02 15 16 and 04 06 10 12 08 13 07 03 
2017-04-16 23:28:59 INFO  OnePointCrossover        crossover                      /     Fitness of children: 225 and 231 
2017-04-16 23:28:59 INFO  Population               evolve                         /     -- Child #0 is valid: true 
2017-04-16 23:28:59 INFO  Population               evolve                         /     -- Child #1 is valid: true 
2017-04-16 23:28:59 INFO  Population               getPopulationSorted            /  
2017-04-16 23:28:59 INFO  Population               evolve                         / Start mutation 
2017-04-16 23:28:59 INFO  ExchangeMutation         mutateGenes                    /  
2017-04-16 23:28:59 INFO  Population               evolve                         / A new generation has been born! #3 
2017-04-16 23:28:59 INFO  Population               getSumPopulationFitness        /  
2017-04-16 23:28:59 INFO  CodeSolver               solveViaEvolutionaryAlgorithms /     Code Solver - population fitness at round #2: 22563 
2017-04-16 23:28:59 INFO  Population               evolve                         /  
2017-04-16 23:28:59 INFO  Population               evolve                         / Start selection 
2017-04-16 23:28:59 INFO  RouletteWheelSelection   getParents                     /  
2017-04-16 23:28:59 INFO  RouletteWheelSelection   splitPopulation                /  
2017-04-16 23:28:59 INFO  RouletteWheelSelection   selectParents                  /  
2017-04-16 23:28:59 INFO  Population               getSumPopulationFitness        /  
2017-04-16 23:28:59 INFO  RouletteWheelSelection   selectParents                  /  
2017-04-16 23:28:59 INFO  Population               getSumPopulationFitness        /  
2017-04-16 23:28:59 INFO  RouletteWheelSelection   getParents                     /     Father: 17 16 11 04 09 07 00 02, mother: 03 10 04 09 16 02 08 00 
2017-04-16 23:28:59 INFO  RouletteWheelSelection   getParents                     /     Fitness of father: 224, fitness of mother: 228 
2017-04-16 23:28:59 INFO  Population               evolve                         / Start crossover 
2017-04-16 23:28:59 INFO  OnePointCrossover        crossover                      /  
2017-04-16 23:28:59 INFO  OnePointCrossover        crossover                      /     Children: 17 16 11 04 09 02 08 00 and 03 10 04 09 16 07 00 02 
2017-04-16 23:28:59 INFO  OnePointCrossover        crossover                      /     Fitness of children: 228 and 224 
2017-04-16 23:28:59 INFO  Population               evolve                         /     -- Child #0 is valid: true 
2017-04-16 23:28:59 INFO  Population               evolve                         /     -- Child #1 is valid: true 
2017-04-16 23:28:59 INFO  Population               getPopulationSorted            /  
2017-04-16 23:28:59 INFO  Population               evolve                         / Start mutation 
2017-04-16 23:28:59 INFO  ExchangeMutation         mutateGenes                    /  
2017-04-16 23:28:59 INFO  Population               evolve                         / A new generation has been born! #4 
2017-04-16 23:28:59 INFO  Population               getSumPopulationFitness        /  
2017-04-16 23:28:59 INFO  CodeSolver               solveViaEvolutionaryAlgorithms /     Code Solver - population fitness at round #3: 22550 
2017-04-16 23:28:59 INFO  Population               evolve                         /  
2017-04-16 23:28:59 INFO  Population               evolve                         / Start selection 
2017-04-16 23:28:59 INFO  RouletteWheelSelection   getParents                     /  
2017-04-16 23:28:59 INFO  RouletteWheelSelection   splitPopulation                /  
2017-04-16 23:28:59 INFO  RouletteWheelSelection   selectParents                  /  
2017-04-16 23:28:59 INFO  Population               getSumPopulationFitness        /  
2017-04-16 23:28:59 INFO  RouletteWheelSelection   selectParents                  /  
2017-04-16 23:28:59 INFO  Population               getSumPopulationFitness        /  
2017-04-16 23:28:59 INFO  RouletteWheelSelection   getParents                     /     Father: 09 06 02 15 14 10 00 04, mother: 03 10 04 09 16 07 00 02 
2017-04-16 23:28:59 INFO  RouletteWheelSelection   getParents                     /     Fitness of father: 221, fitness of mother: 224 
2017-04-16 23:28:59 INFO  Population               evolve                         / Start crossover 
2017-04-16 23:28:59 INFO  OnePointCrossover        crossover                      /  
2017-04-16 23:28:59 INFO  Population               evolve                         /     -- Child #0 is valid: true 
2017-04-16 23:28:59 INFO  Population               evolve                         /     -- Child #1 is valid: true 
2017-04-16 23:28:59 INFO  Population               getPopulationSorted            /  
2017-04-16 23:28:59 INFO  Population               evolve                         / Start mutation 
2017-04-16 23:28:59 INFO  ExchangeMutation         mutateGenes                    /  
2017-04-16 23:28:59 INFO  ExchangeMutation         generateTwoSplitPositions      /  
2017-04-16 23:28:59 INFO  ExchangeMutation         mutateGenes                    / Mutated 03 04 00 15 09 16 01 12 to 03 09 00 15 04 16 01 12 
2017-04-16 23:28:59 INFO  Population               evolve                         / A new generation has been born! #5 
2017-04-16 23:28:59 INFO  Population               getSumPopulationFitness        /  
2017-04-16 23:29:00 INFO  CodeSolver               solveViaEvolutionaryAlgorithms /     Code Solver - population fitness at round #4: 22526 
2017-04-16 23:29:00 INFO  Population               getFittest                     /  
2017-04-16 23:29:00 INFO  Population               getPopulationSorted            /  
2017-04-16 23:29:00 INFO  Population               getFittest                     / *****Fitness of fittest: 231 
2017-04-16 23:29:00 INFO  Population               getPopulationSorted            /  
2017-04-16 23:29:00 INFO  Population               getFittest                     / *****Fitness of weakest: 201 
2017-04-16 23:29:00 INFO  CodeSolver               solveViaEvolutionaryAlgorithms / New request has fitness 231 
2017-04-16 23:29:00 INFO  CodeSolver               solve                          / CodeSolver: request #1 
2017-04-16 23:29:00 INFO  CodeSolver               solve                          /     CodeSolver: next sequence = 17 05 15 07 10 00 04 03 
2017-04-16 23:29:00 INFO  GameEngine               resolveSubmission              /  
2017-04-16 23:29:00 INFO  CodeValidator            calculateResponse              /     Secret code: 05 04 07 02 16 10 12 00 
2017-04-16 23:29:00 INFO  CodeValidator            calculateResponse              /     CodeValidator: red = 0, white = 5, code = 17 05 15 07 10 00 04 03 
2017-04-16 23:29:00 INFO  Submission               setAttributes                  /  
2017-04-16 23:29:00 INFO  FitnessCalculator        addSubmission                  / 17 05 15 07 10 00 04 03 
2017-04-16 23:29:02 INFO  SubmissionHandler        addSubmission                  /  
2017-04-16 23:29:07 INFO  GameEngine               runGame                        /  
2017-04-16 23:29:22 INFO  GameEngine               calculateNextSubmission        /  
2017-04-16 23:29:37 INFO  CodeSolver               solve                          /  
2017-04-16 23:29:46 INFO  Population               evolve                         /  
2017-04-16 23:29:46 INFO  Population               evolve                         / Start selection 
2017-04-16 23:29:46 INFO  RouletteWheelSelection   getParents                     /  
2017-04-16 23:29:46 INFO  RouletteWheelSelection   splitPopulation                /  
2017-04-16 23:29:46 INFO  RouletteWheelSelection   selectParents                  /  
2017-04-16 23:29:46 INFO  Population               getSumPopulationFitness        /  
2017-04-16 23:29:46 INFO  RouletteWheelSelection   selectParents                  /  
2017-04-16 23:29:46 INFO  Population               getSumPopulationFitness        /  
2017-04-16 23:29:46 INFO  RouletteWheelSelection   getParents                     /     Father: 15 07 04 11 14 12 10 08, mother: 05 00 13 14 12 17 16 07 
2017-04-16 23:29:46 INFO  RouletteWheelSelection   getParents                     /     Fitness of father: 452, fitness of mother: 462 
2017-04-16 23:29:46 INFO  Population               evolve                         / Start crossover 
2017-04-16 23:29:46 INFO  OnePointCrossover        crossover                      /  
2017-04-16 23:29:46 INFO  Population               evolve                         /     -- Child #0 is valid: true 
2017-04-16 23:29:46 INFO  Population               evolve                         /     -- Child #1 is valid: true 
2017-04-16 23:29:46 INFO  Population               getPopulationSorted            /  
2017-04-16 23:29:46 INFO  Population               evolve                         / Start mutation 
2017-04-16 23:29:46 INFO  ExchangeMutation         mutateGenes                    /  
2017-04-16 23:29:46 INFO  ExchangeMutation         generateTwoSplitPositions      /  
2017-04-16 23:29:46 INFO  ExchangeMutation         mutateGenes                    / Mutated 15 17 09 04 13 07 12 05 to 15 04 09 17 13 07 12 05 
2017-04-16 23:29:46 INFO  Population               evolve                         / A new generation has been born! #1 
2017-04-16 23:29:46 INFO  Population               getSumPopulationFitness        /  
2017-04-16 23:29:46 INFO  CodeSolver               solveViaEvolutionaryAlgorithms /     Code Solver - population fitness at round #0: 44944 
2017-04-16 23:29:46 INFO  Population               evolve                         /  
2017-04-16 23:29:46 INFO  Population               evolve                         / Start selection 
2017-04-16 23:29:46 INFO  RouletteWheelSelection   getParents                     /  
2017-04-16 23:29:46 INFO  RouletteWheelSelection   splitPopulation                /  
2017-04-16 23:29:46 INFO  RouletteWheelSelection   selectParents                  /  
2017-04-16 23:29:46 INFO  Population               getSumPopulationFitness        /  
2017-04-16 23:29:46 INFO  RouletteWheelSelection   selectParents                  /  
2017-04-16 23:29:46 INFO  Population               getSumPopulationFitness        /  
2017-04-16 23:29:46 INFO  RouletteWheelSelection   getParents                     /     Father: 07 06 15 10 14 09 04 08, mother: 04 11 16 08 01 06 09 07 
2017-04-16 23:29:46 INFO  RouletteWheelSelection   getParents                     /     Fitness of father: 433, fitness of mother: 459 
2017-04-16 23:29:46 INFO  Population               evolve                         / Start crossover 
2017-04-16 23:29:46 INFO  OnePointCrossover        crossover                      /  
2017-04-16 23:29:46 INFO  Population               evolve                         /     -- Child #0 is valid: true 
2017-04-16 23:29:46 INFO  Population               evolve                         /     -- Child #1 is valid: true 
2017-04-16 23:29:46 INFO  Population               getPopulationSorted            /  
2017-04-16 23:29:46 INFO  Population               evolve                         / Start mutation 
2017-04-16 23:29:46 INFO  ExchangeMutation         mutateGenes                    /  
2017-04-16 23:29:46 INFO  Population               evolve                         / A new generation has been born! #2 
2017-04-16 23:29:46 INFO  Population               getSumPopulationFitness        /  
2017-04-16 23:29:46 INFO  CodeSolver               solveViaEvolutionaryAlgorithms /     Code Solver - population fitness at round #1: 44906 
2017-04-16 23:29:46 INFO  Population               evolve                         /  
2017-04-16 23:29:46 INFO  Population               evolve                         / Start selection 
2017-04-16 23:29:46 INFO  RouletteWheelSelection   getParents                     /  
2017-04-16 23:29:46 INFO  RouletteWheelSelection   splitPopulation                /  
2017-04-16 23:29:46 INFO  RouletteWheelSelection   selectParents                  /  
2017-04-16 23:29:46 INFO  Population               getSumPopulationFitness        /  
2017-04-16 23:29:46 INFO  RouletteWheelSelection   selectParents                  /  
2017-04-16 23:29:46 INFO  Population               getSumPopulationFitness        /  
2017-04-16 23:29:46 INFO  RouletteWheelSelection   getParents                     /     Father: 07 15 05 11 01 00 14 08, mother: 10 06 13 02 16 03 07 15 
2017-04-16 23:29:46 INFO  RouletteWheelSelection   getParents                     /     Fitness of father: 449, fitness of mother: 462 
2017-04-16 23:29:46 INFO  Population               evolve                         / Start crossover 
2017-04-16 23:29:46 INFO  OnePointCrossover        crossover                      /  
2017-04-16 23:29:46 INFO  Population               evolve                         /     -- Child #0 is valid: true 
2017-04-16 23:29:46 INFO  Population               evolve                         /     -- Child #1 is valid: true 
2017-04-16 23:29:46 INFO  Population               getPopulationSorted            /  
2017-04-16 23:29:46 INFO  Population               evolve                         / Start mutation 
2017-04-16 23:29:46 INFO  ExchangeMutation         mutateGenes                    /  
2017-04-16 23:29:46 INFO  ExchangeMutation         generateTwoSplitPositions      /  
2017-04-16 23:29:46 INFO  ExchangeMutation         mutateGenes                    / Mutated 13 04 02 14 03 07 09 11 to 13 04 07 14 03 02 09 11 
2017-04-16 23:29:46 INFO  Population               evolve                         / A new generation has been born! #3 
2017-04-16 23:29:46 INFO  Population               getSumPopulationFitness        /  
2017-04-16 23:29:46 INFO  CodeSolver               solveViaEvolutionaryAlgorithms /     Code Solver - population fitness at round #2: 44893 
2017-04-16 23:29:46 INFO  Population               evolve                         /  
2017-04-16 23:29:46 INFO  Population               evolve                         / Start selection 
2017-04-16 23:29:46 INFO  RouletteWheelSelection   getParents                     /  
2017-04-16 23:29:46 INFO  RouletteWheelSelection   splitPopulation                /  
2017-04-16 23:29:46 INFO  RouletteWheelSelection   selectParents                  /  
2017-04-16 23:29:46 INFO  Population               getSumPopulationFitness        /  
2017-04-16 23:29:46 INFO  RouletteWheelSelection   selectParents                  /  
2017-04-16 23:29:46 INFO  Population               getSumPopulationFitness        /  
2017-04-16 23:29:46 INFO  RouletteWheelSelection   getParents                     /     Father: 12 01 13 00 09 14 10 02, mother: 00 05 01 14 11 17 13 04 
2017-04-16 23:29:46 INFO  RouletteWheelSelection   getParents                     /     Fitness of father: 446, fitness of mother: 452 
2017-04-16 23:29:46 INFO  Population               evolve                         / Start crossover 
2017-04-16 23:29:46 INFO  OnePointCrossover        crossover                      /  
2017-04-16 23:29:46 INFO  Population               evolve                         /     -- Child #0 is valid: true 
2017-04-16 23:29:46 INFO  Population               evolve                         /     -- Child #1 is valid: true 
2017-04-16 23:29:46 INFO  Population               getPopulationSorted            /  
2017-04-16 23:29:46 INFO  Population               evolve                         / Start mutation 
2017-04-16 23:29:46 INFO  ExchangeMutation         mutateGenes                    /  
2017-04-16 23:29:46 INFO  ExchangeMutation         generateTwoSplitPositions      /  
2017-04-16 23:29:46 INFO  ExchangeMutation         mutateGenes                    / Mutated 09 08 13 06 05 10 12 02 to 09 08 13 12 05 10 06 02 
2017-04-16 23:29:46 INFO  Population               evolve                         / A new generation has been born! #4 
2017-04-16 23:29:46 INFO  Population               getSumPopulationFitness        /  
2017-04-16 23:29:46 INFO  CodeSolver               solveViaEvolutionaryAlgorithms /     Code Solver - population fitness at round #3: 44867 
2017-04-16 23:29:46 INFO  Population               evolve                         /  
2017-04-16 23:29:46 INFO  Population               evolve                         / Start selection 
2017-04-16 23:29:46 INFO  RouletteWheelSelection   getParents                     /  
2017-04-16 23:29:46 INFO  RouletteWheelSelection   splitPopulation                /  
2017-04-16 23:29:46 INFO  RouletteWheelSelection   selectParents                  /  
2017-04-16 23:29:46 INFO  Population               getSumPopulationFitness        /  
2017-04-16 23:29:46 INFO  RouletteWheelSelection   selectParents                  /  
2017-04-16 23:29:46 INFO  Population               getSumPopulationFitness        /  
2017-04-16 23:29:46 INFO  RouletteWheelSelection   getParents                     /     Father: 13 06 01 12 16 00 05 10, mother: 08 13 02 06 00 15 09 10 
2017-04-16 23:29:46 INFO  RouletteWheelSelection   getParents                     /     Fitness of father: 446, fitness of mother: 456 
2017-04-16 23:29:46 INFO  Population               evolve                         / Start crossover 
2017-04-16 23:29:46 INFO  OnePointCrossover        crossover                      /  
2017-04-16 23:29:46 INFO  OnePointCrossover        crossover                      /     Children: 13 06 01 12 00 15 09 10 and 08 13 02 06 16 00 05 10 
2017-04-16 23:29:46 INFO  OnePointCrossover        crossover                      /     Fitness of children: 459 and 449 
2017-04-16 23:29:46 INFO  Population               evolve                         /     -- Child #0 is valid: true 
2017-04-16 23:29:46 INFO  Population               evolve                         /     -- Child #1 is valid: true 
2017-04-16 23:29:46 INFO  Population               getPopulationSorted            /  
2017-04-16 23:29:46 INFO  Population               evolve                         / Start mutation 
2017-04-16 23:29:46 INFO  ExchangeMutation         mutateGenes                    /  
2017-04-16 23:29:46 INFO  Population               evolve                         / A new generation has been born! #5 
2017-04-16 23:29:46 INFO  Population               getSumPopulationFitness        /  
2017-04-16 23:29:46 INFO  CodeSolver               solveViaEvolutionaryAlgorithms /     Code Solver - population fitness at round #4: 44851 
2017-04-16 23:29:46 INFO  Population               getFittest                     /  
2017-04-16 23:29:46 INFO  Population               getPopulationSorted            /  
2017-04-16 23:29:46 INFO  Population               getFittest                     / *****Fitness of fittest: 462 
2017-04-16 23:29:46 INFO  Population               getPopulationSorted            /  
2017-04-16 23:29:46 INFO  Population               getFittest                     / *****Fitness of weakest: 407 
2017-04-16 23:29:46 INFO  CodeSolver               solveViaEvolutionaryAlgorithms / New request has fitness 462 
2017-04-16 23:29:48 INFO  CodeSolver               solve                          / CodeSolver: request #2 
2017-04-16 23:29:48 INFO  CodeSolver               solve                          /     CodeSolver: next sequence = 10 06 13 02 16 03 07 15 
2017-04-16 23:30:46 INFO  GameEngine               resolveSubmission              /  
2017-04-16 23:30:46 INFO  CodeValidator            calculateResponse              /     Secret code: 05 04 07 02 16 10 12 00 
2017-04-16 23:30:46 INFO  CodeValidator            calculateResponse              /     CodeValidator: red = 2, white = 2, code = 10 06 13 02 16 03 07 15 
2017-04-16 23:30:46 INFO  Submission               setAttributes                  /  
2017-04-16 23:31:57 INFO  FitnessCalculator        addSubmission                  / 10 06 13 02 16 03 07 15 
2017-04-16 23:32:00 INFO  SubmissionHandler        addSubmission                  /  
2017-04-16 23:32:03 INFO  GameEngine               runGame                        /  
2017-04-16 23:32:03 INFO  GameEngine               calculateNextSubmission        /  
2017-04-16 23:32:03 INFO  CodeSolver               solve                          /  
2017-04-16 23:32:03 INFO  Population               evolve                         /  
2017-04-16 23:32:03 INFO  Population               evolve                         / Start selection 
2017-04-16 23:32:03 INFO  RouletteWheelSelection   getParents                     /  
2017-04-16 23:32:03 INFO  RouletteWheelSelection   splitPopulation                /  
2017-04-16 23:32:03 INFO  RouletteWheelSelection   selectParents                  /  
2017-04-16 23:32:03 INFO  Population               getSumPopulationFitness        /  
2017-04-16 23:32:03 INFO  RouletteWheelSelection   selectParents                  /  
2017-04-16 23:32:03 INFO  Population               getSumPopulationFitness        /  
2017-04-16 23:32:03 INFO  RouletteWheelSelection   getParents                     /     Father: 01 08 00 06 05 09 07 11, mother: 01 11 00 03 16 13 10 07 
