2017-04-16 23:05:50 INFO  Mastermind_console       main                           /  
2017-04-16 23:05:50 INFO  GameEngine               startGame                      /  
2017-04-16 23:05:50 INFO  CodeValidator            <init>                         / - initialized with 14 09 07 01 08 17 11 16 
2017-04-16 23:05:50 INFO  GameEngine               calculateNextSubmission        /  
2017-04-16 23:05:50 INFO  CodeSolver               solve                          /  
2017-04-16 23:05:50 INFO  CodeSolver               solve                          / CodeSolver: request #0 
2017-04-16 23:05:50 INFO  CodeSolver               solve                          /     CodeSolver: next sequence = 08 13 11 04 10 05 01 16 
2017-04-16 23:05:50 INFO  GameEngine               resolveSubmission              /  
2017-04-16 23:05:50 INFO  CodeValidator            calculateResponse              /     Secret code: 14 09 07 01 08 17 11 16 
2017-04-16 23:05:50 INFO  CodeValidator            calculateResponse              /     CodeValidator: red = 1, white = 3, code = 08 13 11 04 10 05 01 16 
2017-04-16 23:05:50 INFO  Submission               setAttributes                  /  
2017-04-16 23:20:14 INFO  FitnessCalculator        addSubmission                  / 08 13 11 04 10 05 01 16 
2017-04-16 23:28:04 INFO  SubmissionHandler        handleSubmission               /  
2017-04-16 23:28:04 INFO  SubmissionHandler        handleSubmission               /     position = 0, red = 1, white = 3, sequence = 08 13 11 04 10 05 01 16 
2017-04-16 23:28:04 INFO  GameEngine               calculateNextSubmission        /  
2017-04-16 23:28:04 INFO  CodeSolver               solve                          /  
2017-04-16 23:28:04 INFO  Population               evolve                         /  
2017-04-16 23:28:04 INFO  Population               evolve                         / Start selection 
2017-04-16 23:28:04 INFO  RouletteWheelSelection   getParents                     /  
2017-04-16 23:28:04 INFO  RouletteWheelSelection   splitPopulation                /  
2017-04-16 23:28:04 INFO  RouletteWheelSelection   selectParents                  /  
2017-04-16 23:28:04 INFO  Population               getSumPopulationFitness        /  
2017-04-16 23:28:04 INFO  RouletteWheelSelection   selectParents                  /  
2017-04-16 23:28:04 INFO  Population               getSumPopulationFitness        /  
2017-04-16 23:28:04 INFO  RouletteWheelSelection   getParents                     /     Father: 01 05 04 03 10 15 07 02, mother: 15 16 01 03 13 05 12 08 
2017-04-16 23:28:04 INFO  RouletteWheelSelection   getParents                     /     Fitness of father: 234, fitness of mother: 231 
2017-04-16 23:28:04 INFO  Population               evolve                         / Start crossover 
2017-04-16 23:28:04 INFO  OnePointCrossover        crossover                      /  
2017-04-16 23:28:04 INFO  Population               evolve                         /     -- Child #0 is valid: true 
2017-04-16 23:28:04 INFO  Population               evolve                         /     -- Child #1 is valid: true 
2017-04-16 23:28:04 INFO  Population               getPopulationSorted            /  
2017-04-16 23:28:04 INFO  Population               evolve                         / Start mutation 
2017-04-16 23:28:04 INFO  ExchangeMutation         mutateGenes                    /  
2017-04-16 23:28:04 INFO  Population               evolve                         / A new generation has been born! #1 
2017-04-16 23:28:04 INFO  Population               getSumPopulationFitness        /  
2017-04-16 23:28:04 INFO  CodeSolver               solveViaEvolutionaryAlgorithms /     Code Solver - population fitness at round #0: 22423 
2017-04-16 23:28:04 INFO  Population               evolve                         /  
2017-04-16 23:28:04 INFO  Population               evolve                         / Start selection 
2017-04-16 23:28:04 INFO  RouletteWheelSelection   getParents                     /  
2017-04-16 23:28:04 INFO  RouletteWheelSelection   splitPopulation                /  
2017-04-16 23:28:04 INFO  RouletteWheelSelection   selectParents                  /  
2017-04-16 23:28:04 INFO  Population               getSumPopulationFitness        /  
2017-04-16 23:28:04 INFO  RouletteWheelSelection   selectParents                  /  
2017-04-16 23:28:04 INFO  Population               getSumPopulationFitness        /  
2017-04-16 23:28:04 INFO  RouletteWheelSelection   getParents                     /     Father: 13 05 01 06 07 10 00 15, mother: 08 05 02 03 01 10 15 16 
2017-04-16 23:28:04 INFO  RouletteWheelSelection   getParents                     /     Fitness of father: 221, fitness of mother: 224 
2017-04-16 23:28:04 INFO  Population               evolve                         / Start crossover 
2017-04-16 23:28:04 INFO  OnePointCrossover        crossover                      /  
2017-04-16 23:28:04 INFO  OnePointCrossover        crossover                      /     Children: 13 05 01 06 07 10 15 16 and 08 05 02 03 01 10 00 15 
2017-04-16 23:28:04 INFO  OnePointCrossover        crossover                      /     Fitness of children: 231 and 234 
2017-04-16 23:28:04 INFO  Population               evolve                         /     -- Child #0 is valid: true 
2017-04-16 23:28:04 INFO  Population               evolve                         /     -- Child #1 is valid: true 
2017-04-16 23:28:04 INFO  Population               getPopulationSorted            /  
2017-04-16 23:28:04 INFO  Population               evolve                         / Start mutation 
2017-04-16 23:28:04 INFO  ExchangeMutation         mutateGenes                    /  
2017-04-16 23:28:04 INFO  ExchangeMutation         generateTwoSplitPositions      /  
2017-04-16 23:28:04 INFO  ExchangeMutation         mutateGenes                    / Mutated 14 02 15 04 06 03 11 16 to 14 02 15 04 06 11 03 16 
2017-04-16 23:28:04 INFO  Population               evolve                         / A new generation has been born! #2 
2017-04-16 23:28:04 INFO  Population               getSumPopulationFitness        /  
2017-04-16 23:28:04 INFO  CodeSolver               solveViaEvolutionaryAlgorithms /     Code Solver - population fitness at round #1: 22420 
2017-04-16 23:28:04 INFO  Population               evolve                         /  
2017-04-16 23:28:04 INFO  Population               evolve                         / Start selection 
2017-04-16 23:28:04 INFO  RouletteWheelSelection   getParents                     /  
2017-04-16 23:28:04 INFO  RouletteWheelSelection   splitPopulation                /  
2017-04-16 23:28:04 INFO  RouletteWheelSelection   selectParents                  /  
2017-04-16 23:28:04 INFO  Population               getSumPopulationFitness        /  
2017-04-16 23:28:04 INFO  RouletteWheelSelection   selectParents                  /  
2017-04-16 23:28:04 INFO  Population               getSumPopulationFitness        /  
2017-04-16 23:28:04 INFO  RouletteWheelSelection   getParents                     /     Father: 14 11 07 02 03 01 15 12, mother: 12 08 10 05 09 15 00 07 
2017-04-16 23:28:04 INFO  RouletteWheelSelection   getParents                     /     Fitness of father: 221, fitness of mother: 224 
2017-04-16 23:28:04 INFO  Population               evolve                         / Start crossover 
2017-04-16 23:28:04 INFO  OnePointCrossover        crossover                      /  
2017-04-16 23:28:04 INFO  Population               evolve                         /     -- Child #0 is valid: true 
2017-04-16 23:28:04 INFO  Population               evolve                         /     -- Child #1 is valid: true 
2017-04-16 23:28:04 INFO  Population               getPopulationSorted            /  
2017-04-16 23:28:04 INFO  Population               evolve                         / Start mutation 
2017-04-16 23:28:04 INFO  ExchangeMutation         mutateGenes                    /  
2017-04-16 23:28:04 INFO  ExchangeMutation         generateTwoSplitPositions      /  
2017-04-16 23:28:04 INFO  ExchangeMutation         mutateGenes                    / Mutated 14 12 09 03 05 17 13 01 to 14 12 01 03 05 17 13 09 
2017-04-16 23:28:04 INFO  ExchangeMutation         generateTwoSplitPositions      /  
2017-04-16 23:28:04 INFO  ExchangeMutation         mutateGenes                    / Mutated 05 01 17 14 02 03 09 08 to 05 01 02 14 17 03 09 08 
2017-04-16 23:28:04 INFO  ExchangeMutation         generateTwoSplitPositions      /  
2017-04-16 23:28:04 INFO  ExchangeMutation         mutateGenes                    / Mutated 02 04 13 01 09 06 03 17 to 02 06 13 01 09 04 03 17 
2017-04-16 23:28:04 INFO  Population               evolve                         / A new generation has been born! #3 
2017-04-16 23:28:04 INFO  Population               getSumPopulationFitness        /  
2017-04-16 23:28:04 INFO  CodeSolver               solveViaEvolutionaryAlgorithms /     Code Solver - population fitness at round #2: 22397 
2017-04-16 23:28:04 INFO  Population               evolve                         /  
2017-04-16 23:28:04 INFO  Population               evolve                         / Start selection 
2017-04-16 23:28:04 INFO  RouletteWheelSelection   getParents                     /  
2017-04-16 23:28:04 INFO  RouletteWheelSelection   splitPopulation                /  
2017-04-16 23:28:04 INFO  RouletteWheelSelection   selectParents                  /  
2017-04-16 23:28:04 INFO  Population               getSumPopulationFitness        /  
2017-04-16 23:28:04 INFO  RouletteWheelSelection   selectParents                  /  
2017-04-16 23:28:04 INFO  Population               getSumPopulationFitness        /  
2017-04-16 23:28:04 INFO  RouletteWheelSelection   getParents                     /     Father: 12 01 17 02 03 13 06 15, mother: 02 15 06 08 14 05 16 13 
2017-04-16 23:28:04 INFO  RouletteWheelSelection   getParents                     /     Fitness of father: 221, fitness of mother: 234 
2017-04-16 23:28:04 INFO  Population               evolve                         / Start crossover 
2017-04-16 23:28:04 INFO  OnePointCrossover        crossover                      /  
2017-04-16 23:28:04 INFO  Population               evolve                         /     -- Child #0 is valid: true 
2017-04-16 23:28:04 INFO  Population               evolve                         /     -- Child #1 is valid: true 
2017-04-16 23:28:04 INFO  Population               getPopulationSorted            /  
2017-04-16 23:28:04 INFO  Population               evolve                         / Start mutation 
2017-04-16 23:28:04 INFO  ExchangeMutation         mutateGenes                    /  
2017-04-16 23:28:04 INFO  ExchangeMutation         generateTwoSplitPositions      /  
2017-04-16 23:28:04 INFO  ExchangeMutation         mutateGenes                    / Mutated 16 10 03 13 11 06 14 00 to 00 10 03 13 11 06 14 16 
2017-04-16 23:28:04 INFO  ExchangeMutation         generateTwoSplitPositions      /  
2017-04-16 23:28:04 INFO  ExchangeMutation         mutateGenes                    / Mutated 13 12 04 11 09 06 00 15 to 13 09 04 11 12 06 00 15 
2017-04-16 23:28:04 INFO  Population               evolve                         / A new generation has been born! #4 
2017-04-16 23:28:04 INFO  Population               getSumPopulationFitness        /  
2017-04-16 23:28:04 INFO  CodeSolver               solveViaEvolutionaryAlgorithms /     Code Solver - population fitness at round #3: 22397 
2017-04-16 23:28:04 INFO  Population               evolve                         /  
2017-04-16 23:28:04 INFO  Population               evolve                         / Start selection 
2017-04-16 23:28:04 INFO  RouletteWheelSelection   getParents                     /  
2017-04-16 23:28:04 INFO  RouletteWheelSelection   splitPopulation                /  
2017-04-16 23:28:04 INFO  RouletteWheelSelection   selectParents                  /  
2017-04-16 23:28:04 INFO  Population               getSumPopulationFitness        /  
2017-04-16 23:28:04 INFO  RouletteWheelSelection   selectParents                  /  
2017-04-16 23:28:04 INFO  Population               getSumPopulationFitness        /  
2017-04-16 23:28:04 INFO  RouletteWheelSelection   getParents                     /     Father: 01 16 05 17 04 10 13 06, mother: 02 15 06 08 14 05 16 13 
2017-04-16 23:28:04 INFO  RouletteWheelSelection   getParents                     /     Fitness of father: 215, fitness of mother: 234 
2017-04-16 23:28:04 INFO  Population               evolve                         / Start crossover 
2017-04-16 23:28:04 INFO  OnePointCrossover        crossover                      /  
2017-04-16 23:28:04 INFO  OnePointCrossover        crossover                      /     Children: 01 15 06 08 14 05 16 13 and 02 16 05 17 04 10 13 06 
2017-04-16 23:28:04 INFO  OnePointCrossover        crossover                      /     Fitness of children: 231 and 218 
2017-04-16 23:28:04 INFO  Population               evolve                         /     -- Child #0 is valid: true 
2017-04-16 23:28:04 INFO  Population               evolve                         /     -- Child #1 is valid: true 
2017-04-16 23:28:04 INFO  Population               getPopulationSorted            /  
2017-04-16 23:28:04 INFO  Population               evolve                         / Start mutation 
2017-04-16 23:28:04 INFO  ExchangeMutation         mutateGenes                    /  
2017-04-16 23:28:04 INFO  Population               evolve                         / A new generation has been born! #5 
2017-04-16 23:28:04 INFO  Population               getSumPopulationFitness        /  
2017-04-16 23:28:04 INFO  CodeSolver               solveViaEvolutionaryAlgorithms /     Code Solver - population fitness at round #4: 22378 
